Build started 13-12-2015 06:36:45.
     1>Project "G:\GitHub_Repositories\Face_Detection_and_Tracking\Face_detection_and_tracking\Face_detection_and_tracking\Face_detection_and_tracking.vcxproj" on node 2 (Build target(s)).
     1>ClCompile:
         C:\Program Files (x86)\Microsoft Visual Studio 14.0\VC\bin\CL.exe /c /IC:\opencv\build\x86\vc12\..\..\include /Zi /nologo /W3 /WX- /sdl /O2 /Oi /Oy- /GL /D WIN32 /D NDEBUG /D _CONSOLE /D _UNICODE /D UNICODE /Gm- /EHsc /MT /GS /Gy /fp:precise /Zc:wchar_t /Zc:forScope /Zc:inline /Fo"Release\\" /Fd"Release\vc140.pdb" /Gd /TP /analyze- /errorReport:prompt Detection.cpp tracking.cpp
         Detection.cpp
         tracking.cpp
     1>tracking.cpp(91): warning C4018: '<': signed/unsigned mismatch
     1>tracking.cpp(92): warning C4244: '=': conversion from 'int' to 'float', possible loss of data
     1>tracking.cpp(93): warning C4244: '=': conversion from 'int' to 'float', possible loss of data
     1>tracking.cpp(104): warning C4018: '<': signed/unsigned mismatch
     1>tracking.cpp(113): warning C4244: '=': conversion from 'int' to 'float', possible loss of data
     1>tracking.cpp(114): warning C4244: '=': conversion from 'int' to 'float', possible loss of data
     1>tracking.cpp(115): warning C4244: '=': conversion from 'double' to 'float', possible loss of data
     1>tracking.cpp(116): warning C4244: '=': conversion from 'double' to 'float', possible loss of data
     1>tracking.cpp(119): warning C4018: '<': signed/unsigned mismatch
     1>tracking.cpp(134): warning C4018: '<': signed/unsigned mismatch
     1>tracking.cpp(154): warning C4018: '<': signed/unsigned mismatch
     1>tracking.cpp(167): warning C4018: '<': signed/unsigned mismatch
     1>tracking.cpp(179): warning C4018: '<': signed/unsigned mismatch
     1>tracking.cpp(186): warning C4018: '<': signed/unsigned mismatch
     1>tracking.cpp(200): warning C4018: '<': signed/unsigned mismatch
     1>tracking.cpp(50): warning C4101: 'bSuccess': unreferenced local variable
       Link:
         C:\Program Files (x86)\Microsoft Visual Studio 14.0\VC\bin\link.exe /ERRORREPORT:PROMPT /OUT:"G:\GitHub_Repositories\Face_Detection_and_Tracking\Face_detection_and_tracking\Release\Face_detection_and_tracking.exe" /INCREMENTAL:NO /NOLOGO /LIBPATH:C:\opencv\build\x86\vc12\lib opencv_ts300.lib opencv_world300.lib /MANIFEST /MANIFESTUAC:"level='asInvoker' uiAccess='false'" /manifest:embed /manifestinput:"C:\Program Files (x86)\Microsoft Visual Studio 14.0\VC\Include\Manifest\dpiaware.manifest" /Debug /PDB:"G:\GitHub_Repositories\Face_Detection_and_Tracking\Face_detection_and_tracking\Release\Face_detection_and_tracking.pdb" /SUBSYSTEM:CONSOLE /OPT:REF /OPT:ICF /LTCG:incremental /TLBID:1 /DYNAMICBASE /NXCOMPAT /IMPLIB:"G:\GitHub_Repositories\Face_Detection_and_Tracking\Face_detection_and_tracking\Release\Face_detection_and_tracking.lib" /MACHINE:X86 /SAFESEH  "opencv_ts300.lib" "opencv_world300.lib" "kernel32.lib" "user32.lib" "gdi32.lib" "winspool.lib" "comdlg32.lib" "advapi32.lib" "shell32.lib" "ole32.lib" "oleaut32.lib" "uuid.lib" "odbc32.lib" "odbccp32.lib" Release\Detection.obj
         Release\tracking.obj
         Generating code
         910 of 915 functions (99.5%) were compiled, the rest were copied from previous compilation.
           2 functions were new in current compilation
           1 functions had inline decision re-evaluated but remain unchanged
         Finished generating code
         Face_detection_and_tracking.vcxproj -> G:\GitHub_Repositories\Face_Detection_and_Tracking\Face_detection_and_tracking\Release\Face_detection_and_tracking.exe
     1>Done Building Project "G:\GitHub_Repositories\Face_Detection_and_Tracking\Face_detection_and_tracking\Face_detection_and_tracking\Face_detection_and_tracking.vcxproj" (Build target(s)).

Build succeeded.

Time Elapsed 00:00:05.08
